<?xml version="1.0" encoding="UTF-8"?>
<!-- Generated by org.testng.reporters.JUnitReportReporter -->
<testsuite hostname="LAPTOP-2A6IMJ3A" failures="0" tests="1" name="Organization.CreateOraganizationTest" time="37.618" errors="0" timestamp="2023-04-21T08:55:21 IST" skipped="0">
  <testcase classname="Organization.CreateOraganizationTest" name="createOraganizationTest" time="37.618"/>
  <system-out/>
</testsuite> <!-- Organization.CreateOraganizationTest -->
